# JRE version: OpenJDK Runtime Environment AdoptOpenJDK (11.0.10+9) (build 11.0.10+9)
# Java VM: OpenJDK 64-Bit Server VM AdoptOpenJDK (11.0.10+9, mixed mode, tiered, compressed oops, g1 gc, windows-amd64)
Heap:
 garbage-first heap   total 258048K, used 64009K [0x0000000704200000, 0x0000000800000000)
  region size 1024K, 59 young (60416K), 7 survivors (7168K)
 Metaspace       used 40394K, capacity 41390K, committed 41472K, reserved 1085440K
  class space    used 4871K, capacity 5306K, committed 5376K, reserved 1048576K
GC Heap History (8 events):
Event: 0.821 GC heap before
{Heap before GC invocations=0 (full 0):
 garbage-first heap   total 258048K, used 23552K [0x0000000704200000, 0x0000000800000000)
  region size 1024K, 24 young (24576K), 0 survivors (0K)
 Metaspace       used 12635K, capacity 12874K, committed 13184K, reserved 1060864K
  class space    used 1246K, capacity 1337K, committed 1408K, reserved 1048576K
}
Event: 0.828 GC heap after
{Heap after GC invocations=1 (full 0):
 garbage-first heap   total 258048K, used 4708K [0x0000000704200000, 0x0000000800000000)
  region size 1024K, 3 young (3072K), 3 survivors (3072K)
 Metaspace       used 12635K, capacity 12874K, committed 13184K, reserved 1060864K
  class space    used 1246K, capacity 1337K, committed 1408K, reserved 1048576K
}
Event: 1.393 GC heap before
{Heap before GC invocations=1 (full 0):
 garbage-first heap   total 258048K, used 46692K [0x0000000704200000, 0x0000000800000000)
  region size 1024K, 45 young (46080K), 3 survivors (3072K)
 Metaspace       used 20799K, capacity 21213K, committed 21248K, reserved 1069056K
  class space    used 2381K, capacity 2549K, committed 2560K, reserved 1048576K
}
Event: 1.399 GC heap after
{Heap after GC invocations=2 (full 0):
 garbage-first heap   total 258048K, used 6984K [0x0000000704200000, 0x0000000800000000)
  region size 1024K, 6 young (6144K), 6 survivors (6144K)
 Metaspace       used 20799K, capacity 21213K, committed 21248K, reserved 1069056K
  class space    used 2381K, capacity 2549K, committed 2560K, reserved 1048576K
}
Event: 2.052 GC heap before
{Heap before GC invocations=3 (full 0):
 garbage-first heap   total 258048K, used 51016K [0x0000000704200000, 0x0000000800000000)
  region size 1024K, 49 young (50176K), 6 survivors (6144K)
 Metaspace       used 27543K, capacity 28202K, committed 28416K, reserved 1075200K
  class space    used 3218K, capacity 3475K, committed 3584K, reserved 1048576K
}
Event: 2.060 GC heap after
{Heap after GC invocations=4 (full 0):
 garbage-first heap   total 258048K, used 8713K [0x0000000704200000, 0x0000000800000000)
  region size 1024K, 4 young (4096K), 4 survivors (4096K)
 Metaspace       used 27543K, capacity 28202K, committed 28416K, reserved 1075200K
  class space    used 3218K, capacity 3475K, committed 3584K, reserved 1048576K
}
Event: 3.564 GC heap before
{Heap before GC invocations=4 (full 0):
 garbage-first heap   total 258048K, used 127497K [0x0000000704200000, 0x0000000800000000)
  region size 1024K, 121 young (123904K), 4 survivors (4096K)
 Metaspace       used 34748K, capacity 35589K, committed 35628K, reserved 1081344K
  class space    used 4202K, capacity 4570K, committed 4608K, reserved 1048576K
}
Event: 3.580 GC heap after
{Heap after GC invocations=5 (full 0):
 garbage-first heap   total 258048K, used 11785K [0x0000000704200000, 0x0000000800000000)
  region size 1024K, 7 young (7168K), 7 survivors (7168K)
 Metaspace       used 34748K, capacity 35589K, committed 35628K, reserved 1081344K
  class space    used 4202K, capacity 4570K, committed 4608K, reserved 1048576K
}

